{"C:\\Users\\Lenovo\\Downloads\\blog-api\\blog-api\\src\\app.js": {"path":"C:\\Users\\Lenovo\\Downloads\\blog-api\\blog-api\\src\\app.js","statementMap":{"0":{"start":{"line":1,"column":0},"end":{"line":1,"column":27}},"1":{"start":{"line":3,"column":16},"end":{"line":3,"column":34}},"2":{"start":{"line":4,"column":13},"end":{"line":4,"column":28}},"3":{"start":{"line":5,"column":17},"end":{"line":5,"column":36}},"4":{"start":{"line":6,"column":20},"end":{"line":6,"column":45}},"5":{"start":{"line":8,"column":12},"end":{"line":8,"column":21}},"6":{"start":{"line":10,"column":0},"end":{"line":10,"column":16}},"7":{"start":{"line":11,"column":0},"end":{"line":11,"column":24}},"8":{"start":{"line":14,"column":0},"end":{"line":27,"column":1}},"9":{"start":{"line":16,"column":4},"end":{"line":18,"column":37}},"10":{"start":{"line":20,"column":2},"end":{"line":26,"column":7}},"11":{"start":{"line":22,"column":16},"end":{"line":22,"column":54}},"12":{"start":{"line":24,"column":6},"end":{"line":24,"column":65}},"13":{"start":{"line":25,"column":6},"end":{"line":25,"column":22}},"14":{"start":{"line":30,"column":0},"end":{"line":30,"column":61}},"15":{"start":{"line":30,"column":33},"end":{"line":30,"column":59}},"16":{"start":{"line":33,"column":0},"end":{"line":33,"column":31}},"17":{"start":{"line":36,"column":0},"end":{"line":38,"column":2}},"18":{"start":{"line":37,"column":2},"end":{"line":37,"column":75}},"19":{"start":{"line":41,"column":0},"end":{"line":44,"column":3}},"20":{"start":{"line":42,"column":2},"end":{"line":42,"column":27}},"21":{"start":{"line":43,"column":2},"end":{"line":43,"column":81}},"22":{"start":{"line":46,"column":0},"end":{"line":46,"column":21}}},"fnMap":{"0":{"name":"(anonymous_0)","decl":{"start":{"line":22,"column":10},"end":{"line":22,"column":11}},"loc":{"start":{"line":22,"column":16},"end":{"line":22,"column":54}},"line":22},"1":{"name":"(anonymous_1)","decl":{"start":{"line":23,"column":11},"end":{"line":23,"column":12}},"loc":{"start":{"line":23,"column":20},"end":{"line":26,"column":5}},"line":23},"2":{"name":"(anonymous_2)","decl":{"start":{"line":30,"column":19},"end":{"line":30,"column":20}},"loc":{"start":{"line":30,"column":33},"end":{"line":30,"column":59}},"line":30},"3":{"name":"(anonymous_3)","decl":{"start":{"line":36,"column":8},"end":{"line":36,"column":9}},"loc":{"start":{"line":37,"column":2},"end":{"line":37,"column":75}},"line":37},"4":{"name":"(anonymous_4)","decl":{"start":{"line":41,"column":8},"end":{"line":41,"column":9}},"loc":{"start":{"line":41,"column":33},"end":{"line":44,"column":1}},"line":41}},"branchMap":{"0":{"loc":{"start":{"line":14,"column":0},"end":{"line":27,"column":1}},"type":"if","locations":[{"start":{"line":14,"column":0},"end":{"line":27,"column":1}},{"start":{},"end":{}}],"line":14},"1":{"loc":{"start":{"line":16,"column":4},"end":{"line":18,"column":37}},"type":"cond-expr","locations":[{"start":{"line":17,"column":8},"end":{"line":17,"column":31}},{"start":{"line":18,"column":8},"end":{"line":18,"column":37}}],"line":16}},"s":{"0":1,"1":1,"2":1,"3":1,"4":1,"5":1,"6":1,"7":1,"8":1,"9":0,"10":0,"11":0,"12":0,"13":0,"14":1,"15":0,"16":1,"17":1,"18":1,"19":1,"20":0,"21":0,"22":1},"f":{"0":0,"1":0,"2":0,"3":1,"4":0},"b":{"0":[0,1],"1":[0,0]},"_coverageSchema":"1a1c01bbd47fc00a2c39e90264f33305004495a9","hash":"28127c00fd0087683ae4a583cd6a8b5d777b15db"}
,"C:\\Users\\Lenovo\\Downloads\\blog-api\\blog-api\\src\\controllers\\postsController.js": {"path":"C:\\Users\\Lenovo\\Downloads\\blog-api\\blog-api\\src\\controllers\\postsController.js","statementMap":{"0":{"start":{"line":1,"column":13},"end":{"line":1,"column":43}},"1":{"start":{"line":3,"column":18},"end":{"line":10,"column":1}},"2":{"start":{"line":4,"column":2},"end":{"line":9,"column":3}},"3":{"start":{"line":5,"column":18},"end":{"line":5,"column":59}},"4":{"start":{"line":6,"column":4},"end":{"line":6,"column":66}},"5":{"start":{"line":8,"column":4},"end":{"line":8,"column":67}},"6":{"start":{"line":12,"column":16},"end":{"line":20,"column":1}},"7":{"start":{"line":13,"column":2},"end":{"line":19,"column":3}},"8":{"start":{"line":14,"column":17},"end":{"line":14,"column":51}},"9":{"start":{"line":15,"column":4},"end":{"line":15,"column":96}},"10":{"start":{"line":15,"column":15},"end":{"line":15,"column":96}},"11":{"start":{"line":16,"column":4},"end":{"line":16,"column":44}},"12":{"start":{"line":18,"column":4},"end":{"line":18,"column":70}},"13":{"start":{"line":22,"column":20},"end":{"line":34,"column":1}},"14":{"start":{"line":23,"column":2},"end":{"line":33,"column":3}},"15":{"start":{"line":24,"column":18},"end":{"line":24,"column":27}},"16":{"start":{"line":25,"column":4},"end":{"line":27,"column":5}},"17":{"start":{"line":26,"column":6},"end":{"line":26,"column":95}},"18":{"start":{"line":28,"column":18},"end":{"line":28,"column":43}},"19":{"start":{"line":29,"column":18},"end":{"line":29,"column":101}},"20":{"start":{"line":30,"column":4},"end":{"line":30,"column":66}},"21":{"start":{"line":32,"column":4},"end":{"line":32,"column":67}},"22":{"start":{"line":36,"column":19},"end":{"line":43,"column":1}},"23":{"start":{"line":37,"column":2},"end":{"line":42,"column":3}},"24":{"start":{"line":38,"column":17},"end":{"line":38,"column":44}},"25":{"start":{"line":39,"column":4},"end":{"line":39,"column":56}},"26":{"start":{"line":41,"column":4},"end":{"line":41,"column":67}},"27":{"start":{"line":45,"column":19},"end":{"line":53,"column":1}},"28":{"start":{"line":46,"column":2},"end":{"line":52,"column":3}},"29":{"start":{"line":47,"column":17},"end":{"line":47,"column":106}},"30":{"start":{"line":48,"column":4},"end":{"line":48,"column":96}},"31":{"start":{"line":48,"column":15},"end":{"line":48,"column":96}},"32":{"start":{"line":49,"column":4},"end":{"line":49,"column":44}},"33":{"start":{"line":51,"column":4},"end":{"line":51,"column":67}},"34":{"start":{"line":55,"column":19},"end":{"line":63,"column":1}},"35":{"start":{"line":56,"column":2},"end":{"line":62,"column":3}},"36":{"start":{"line":57,"column":17},"end":{"line":57,"column":60}},"37":{"start":{"line":58,"column":4},"end":{"line":58,"column":96}},"38":{"start":{"line":58,"column":15},"end":{"line":58,"column":96}},"39":{"start":{"line":59,"column":4},"end":{"line":59,"column":71}},"40":{"start":{"line":61,"column":4},"end":{"line":61,"column":67}},"41":{"start":{"line":65,"column":0},"end":{"line":65,"column":89}}},"fnMap":{"0":{"name":"(anonymous_0)","decl":{"start":{"line":3,"column":18},"end":{"line":3,"column":19}},"loc":{"start":{"line":3,"column":38},"end":{"line":10,"column":1}},"line":3},"1":{"name":"(anonymous_1)","decl":{"start":{"line":12,"column":16},"end":{"line":12,"column":17}},"loc":{"start":{"line":12,"column":36},"end":{"line":20,"column":1}},"line":12},"2":{"name":"(anonymous_2)","decl":{"start":{"line":22,"column":20},"end":{"line":22,"column":21}},"loc":{"start":{"line":22,"column":40},"end":{"line":34,"column":1}},"line":22},"3":{"name":"(anonymous_3)","decl":{"start":{"line":36,"column":19},"end":{"line":36,"column":20}},"loc":{"start":{"line":36,"column":39},"end":{"line":43,"column":1}},"line":36},"4":{"name":"(anonymous_4)","decl":{"start":{"line":45,"column":19},"end":{"line":45,"column":20}},"loc":{"start":{"line":45,"column":39},"end":{"line":53,"column":1}},"line":45},"5":{"name":"(anonymous_5)","decl":{"start":{"line":55,"column":19},"end":{"line":55,"column":20}},"loc":{"start":{"line":55,"column":39},"end":{"line":63,"column":1}},"line":55}},"branchMap":{"0":{"loc":{"start":{"line":15,"column":4},"end":{"line":15,"column":96}},"type":"if","locations":[{"start":{"line":15,"column":4},"end":{"line":15,"column":96}},{"start":{},"end":{}}],"line":15},"1":{"loc":{"start":{"line":25,"column":4},"end":{"line":27,"column":5}},"type":"if","locations":[{"start":{"line":25,"column":4},"end":{"line":27,"column":5}},{"start":{},"end":{}}],"line":25},"2":{"loc":{"start":{"line":25,"column":8},"end":{"line":25,"column":29}},"type":"binary-expr","locations":[{"start":{"line":25,"column":8},"end":{"line":25,"column":10}},{"start":{"line":25,"column":14},"end":{"line":25,"column":29}}],"line":25},"3":{"loc":{"start":{"line":48,"column":4},"end":{"line":48,"column":96}},"type":"if","locations":[{"start":{"line":48,"column":4},"end":{"line":48,"column":96}},{"start":{},"end":{}}],"line":48},"4":{"loc":{"start":{"line":58,"column":4},"end":{"line":58,"column":96}},"type":"if","locations":[{"start":{"line":58,"column":4},"end":{"line":58,"column":96}},{"start":{},"end":{}}],"line":58}},"s":{"0":1,"1":1,"2":1,"3":1,"4":1,"5":0,"6":1,"7":2,"8":2,"9":2,"10":1,"11":1,"12":0,"13":1,"14":2,"15":2,"16":2,"17":1,"18":1,"19":1,"20":1,"21":0,"22":1,"23":1,"24":1,"25":1,"26":0,"27":1,"28":1,"29":1,"30":1,"31":0,"32":1,"33":0,"34":1,"35":2,"36":2,"37":2,"38":1,"39":1,"40":0,"41":1},"f":{"0":1,"1":2,"2":2,"3":1,"4":1,"5":2},"b":{"0":[1,1],"1":[1,1],"2":[2,1],"3":[0,1],"4":[1,1]},"_coverageSchema":"1a1c01bbd47fc00a2c39e90264f33305004495a9","hash":"19da10a1ba9d841acdc83ff08ccdd8acd59819c3"}
,"C:\\Users\\Lenovo\\Downloads\\blog-api\\blog-api\\src\\middleware\\validation.js": {"path":"C:\\Users\\Lenovo\\Downloads\\blog-api\\blog-api\\src\\middleware\\validation.js","statementMap":{"0":{"start":{"line":1,"column":35},"end":{"line":1,"column":63}},"1":{"start":{"line":3,"column":25},"end":{"line":9,"column":1}},"2":{"start":{"line":4,"column":17},"end":{"line":4,"column":38}},"3":{"start":{"line":5,"column":2},"end":{"line":7,"column":3}},"4":{"start":{"line":6,"column":4},"end":{"line":6,"column":76}},"5":{"start":{"line":8,"column":2},"end":{"line":8,"column":9}},"6":{"start":{"line":11,"column":23},"end":{"line":16,"column":1}},"7":{"start":{"line":18,"column":23},"end":{"line":23,"column":1}},"8":{"start":{"line":25,"column":0},"end":{"line":25,"column":52}}},"fnMap":{"0":{"name":"(anonymous_0)","decl":{"start":{"line":3,"column":25},"end":{"line":3,"column":26}},"loc":{"start":{"line":3,"column":45},"end":{"line":9,"column":1}},"line":3}},"branchMap":{"0":{"loc":{"start":{"line":5,"column":2},"end":{"line":7,"column":3}},"type":"if","locations":[{"start":{"line":5,"column":2},"end":{"line":7,"column":3}},{"start":{},"end":{}}],"line":5}},"s":{"0":1,"1":1,"2":5,"3":5,"4":3,"5":2,"6":1,"7":1,"8":1},"f":{"0":5},"b":{"0":[3,2]},"_coverageSchema":"1a1c01bbd47fc00a2c39e90264f33305004495a9","hash":"2ee58c75131cf57a889ab7308729491686e1450b"}
,"C:\\Users\\Lenovo\\Downloads\\blog-api\\blog-api\\src\\models\\postStore.js": {"path":"C:\\Users\\Lenovo\\Downloads\\blog-api\\blog-api\\src\\models\\postStore.js","statementMap":{"0":{"start":{"line":1,"column":17},"end":{"line":1,"column":36}},"1":{"start":{"line":3,"column":19},"end":{"line":10,"column":1}},"2":{"start":{"line":12,"column":0},"end":{"line":12,"column":52}}},"fnMap":{},"branchMap":{},"s":{"0":1,"1":1,"2":1},"f":{},"b":{},"_coverageSchema":"1a1c01bbd47fc00a2c39e90264f33305004495a9","hash":"d648fff28f65aeebf6c569db37349aea02f3ac64"}
,"C:\\Users\\Lenovo\\Downloads\\blog-api\\blog-api\\src\\routes\\posts.js": {"path":"C:\\Users\\Lenovo\\Downloads\\blog-api\\blog-api\\src\\routes\\posts.js","statementMap":{"0":{"start":{"line":1,"column":16},"end":{"line":1,"column":34}},"1":{"start":{"line":2,"column":15},"end":{"line":2,"column":31}},"2":{"start":{"line":3,"column":13},"end":{"line":3,"column":54}},"3":{"start":{"line":4,"column":43},"end":{"line":4,"column":78}},"4":{"start":{"line":7,"column":0},"end":{"line":7,"column":40}},"5":{"start":{"line":8,"column":0},"end":{"line":8,"column":32}},"6":{"start":{"line":9,"column":0},"end":{"line":9,"column":33}},"7":{"start":{"line":10,"column":0},"end":{"line":10,"column":50}},"8":{"start":{"line":11,"column":0},"end":{"line":11,"column":52}},"9":{"start":{"line":12,"column":0},"end":{"line":12,"column":39}},"10":{"start":{"line":14,"column":0},"end":{"line":14,"column":24}}},"fnMap":{},"branchMap":{},"s":{"0":1,"1":1,"2":1,"3":1,"4":1,"5":1,"6":1,"7":1,"8":1,"9":1,"10":1},"f":{},"b":{},"_coverageSchema":"1a1c01bbd47fc00a2c39e90264f33305004495a9","hash":"503b42762f58a3e12176294b6330316202f49bfb"}
}
